<?xml version="1.0" encoding="UTF-8"?>
<!-- Generated by org.testng.reporters.JUnitReportReporter -->
<testsuite hostname="ISHITA" name="testngExecutions.TC_6" tests="1" failures="0" timestamp="17 Jul 2023 06:31:34 GMT" time="8.260" errors="0">
  <testcase name="Launchinginstagram" time="8.260" classname="testngExecutions.TC_6"/>
</testsuite> <!-- testngExecutions.TC_6 -->
