<?xml version="1.0" encoding="UTF-8"?>
<!-- Generated by org.testng.reporters.JUnitReportReporter -->
<testsuite hostname="ISHITA" name="testngPractice.TestCases" tests="3" failures="0" timestamp="15 Jul 2023 05:40:58 GMT" time="0.010" errors="0">
  <testcase name="logout" time="0.001" classname="testngPractice.TestCases"/>
  <testcase name="login" time="0.001" classname="testngPractice.TestCases"/>
  <testcase name="home" time="0.008" classname="testngPractice.TestCases"/>
</testsuite> <!-- testngPractice.TestCases -->
