<?xml version="1.0" encoding="UTF-8"?>
<!-- Generated by org.testng.reporters.JUnitReportReporter -->
<testsuite hostname="ISHITA" name="testngExecutions.TC_3" tests="1" failures="0" timestamp="17 Jul 2023 06:31:34 GMT" time="9.689" errors="0">
  <testcase name="Launchinguber" time="9.689" classname="testngExecutions.TC_3"/>
</testsuite> <!-- testngExecutions.TC_3 -->
