<?xml version="1.0" encoding="UTF-8"?>
<!-- Generated by org.testng.reporters.JUnitReportReporter -->
<testsuite hostname="ISHITA" name="testngExecutions.TC_4" tests="1" failures="0" timestamp="17 Jul 2023 06:31:34 GMT" time="10.870" errors="0">
  <testcase name="Launchingmyntra" time="10.870" classname="testngExecutions.TC_4"/>
</testsuite> <!-- testngExecutions.TC_4 -->
