<?xml version="1.0" encoding="UTF-8"?>
<!-- Generated by org.testng.reporters.JUnitReportReporter -->
<testsuite hostname="ISHITA" name="testngPractice.TestCaseInvocationCountAndThreadPoolSize" tests="10" failures="0" timestamp="15 Jul 2023 06:52:42 GMT" time="103.867" errors="0">
  <testcase name="deom" time="8.493" classname="testngPractice.TestCaseInvocationCountAndThreadPoolSize"/>
  <testcase name="deom" time="11.551" classname="testngPractice.TestCaseInvocationCountAndThreadPoolSize"/>
  <testcase name="deom" time="12.525" classname="testngPractice.TestCaseInvocationCountAndThreadPoolSize"/>
  <testcase name="deom" time="7.119" classname="testngPractice.TestCaseInvocationCountAndThreadPoolSize"/>
  <testcase name="deom" time="8.427" classname="testngPractice.TestCaseInvocationCountAndThreadPoolSize"/>
  <testcase name="deom" time="11.133" classname="testngPractice.TestCaseInvocationCountAndThreadPoolSize"/>
  <testcase name="deom" time="12.990" classname="testngPractice.TestCaseInvocationCountAndThreadPoolSize"/>
  <testcase name="deom" time="11.075" classname="testngPractice.TestCaseInvocationCountAndThreadPoolSize"/>
  <testcase name="deom" time="7.856" classname="testngPractice.TestCaseInvocationCountAndThreadPoolSize"/>
  <testcase name="deom" time="12.698" classname="testngPractice.TestCaseInvocationCountAndThreadPoolSize"/>
</testsuite> <!-- testngPractice.TestCaseInvocationCountAndThreadPoolSize -->
