<?xml version="1.0" encoding="UTF-8"?>
<!-- Generated by org.testng.reporters.JUnitReportReporter -->
<testsuite hostname="ISHITA" name="testngPractice.TestCasesPriorityAndDependsOnMethod" tests="3" failures="0" timestamp="15 Jul 2023 06:01:16 GMT" time="0.004" errors="0">
  <testcase name="login" time="0.004" classname="testngPractice.TestCasesPriorityAndDependsOnMethod"/>
  <testcase name="home" time="0.000" classname="testngPractice.TestCasesPriorityAndDependsOnMethod"/>
  <testcase name="logout" time="0.000" classname="testngPractice.TestCasesPriorityAndDependsOnMethod"/>
</testsuite> <!-- testngPractice.TestCasesPriorityAndDependsOnMethod -->
