<?xml version="1.0" encoding="UTF-8"?>
<!-- Generated by org.testng.reporters.JUnitReportReporter -->
<testsuite hostname="ISHITA" name="testngExecutions.TC_2" tests="1" failures="0" timestamp="17 Jul 2023 06:31:34 GMT" time="8.688" errors="0">
  <testcase name="Launchingamazon" time="8.688" classname="testngExecutions.TC_2"/>
</testsuite> <!-- testngExecutions.TC_2 -->
