<?xml version="1.0" encoding="UTF-8"?>
<!-- Generated by org.testng.reporters.JUnitReportReporter -->
<testsuite hostname="ISHITA" name="testngExecutions.TC_11" tests="1" failures="0" timestamp="19 Jul 2023 05:56:57 GMT" time="6.560" errors="0">
  <testcase name="Launchingmyntra" time="6.560" classname="testngExecutions.TC_11"/>
</testsuite> <!-- testngExecutions.TC_11 -->
