<?xml version="1.0" encoding="UTF-8"?>
<!-- Generated by org.testng.reporters.JUnitReportReporter -->
<testsuite hostname="ISHITA" name="testngPractice.TestCasesPriority" tests="3" failures="0" timestamp="15 Jul 2023 05:40:37 GMT" time="0.009" errors="0">
  <testcase name="logout" time="0.000" classname="testngPractice.TestCasesPriority"/>
  <testcase name="home" time="0.001" classname="testngPractice.TestCasesPriority"/>
  <testcase name="login" time="0.008" classname="testngPractice.TestCasesPriority"/>
</testsuite> <!-- testngPractice.TestCasesPriority -->
