<?xml version="1.0" encoding="UTF-8"?>
<!-- Generated by org.testng.reporters.JUnitReportReporter -->
<testsuite hostname="ISHITA" name="testngPractice.TestCasesInvocationCount" tests="700" failures="0" timestamp="15 Jul 2023 06:44:55 GMT" time="0.385" errors="0">
  <testcase name="deom" time="0.000" classname="testngPractice.TestCasesInvocationCount"/>
  <testcase name="deom" time="0.000" classname="testngPractice.TestCasesInvocationCount"/>
  <testcase name="deom" time="0.000" classname="testngPractice.TestCasesInvocationCount"/>
  <testcase name="deom" time="0.000" classname="testngPractice.TestCasesInvocationCount"/>
  <testcase name="deom" time="0.001" classname="testngPractice.TestCasesInvocationCount"/>
  <testcase name="deom" time="0.000" classname="testngPractice.TestCasesInvocationCount"/>
  <testcase name="deom" time="0.001" classname="testngPractice.TestCasesInvocationCount"/>
  <testcase name="deom" time="0.000" classname="testngPractice.TestCasesInvocationCount"/>
  <testcase name="deom" time="0.000" classname="testngPractice.TestCasesInvocationCount"/>
  <testcase name="deom" time="0.000" classname="testngPractice.TestCasesInvocationCount"/>
  <testcase name="deom" time="0.001" classname="testngPractice.TestCasesInvocationCount"/>
  <testcase name="deom" time="0.000" classname="testngPractice.TestCasesInvocationCount"/>
  <testcase name="deom" time="0.001" classname="testngPractice.TestCasesInvocationCount"/>
  <testcase name="deom" time="0.001" classname="testngPractice.TestCasesInvocationCount"/>
  <testcase name="deom" time="0.000" classname="testngPractice.TestCasesInvocationCount"/>
  <testcase name="deom" time="0.000" classname="testngPractice.TestCasesInvocationCount"/>
  <testcase name="deom" time="0.001" classname="testngPractice.TestCasesInvocationCount"/>
  <testcase name="deom" time="0.000" classname="testngPractice.TestCasesInvocationCount"/>
  <testcase name="deom" time="0.000" classname="testngPractice.TestCasesInvocationCount"/>
  <testcase name="deom" time="0.000" classname="testngPractice.TestCasesInvocationCount"/>
  <testcase name="deom" time="0.003" classname="testngPractice.TestCasesInvocationCount"/>
  <testcase name="deom" time="0.000" classname="testngPractice.TestCasesInvocationCount"/>
  <testcase name="deom" time="0.000" classname="testngPractice.TestCasesInvocationCount"/>
  <testcase name="deom" time="0.000" classname="testngPractice.TestCasesInvocationCount"/>
  <testcase name="deom" time="0.000" classname="testngPractice.TestCasesInvocationCount"/>
  <testcase name="deom" time="0.000" classname="testngPractice.TestCasesInvocationCount"/>
  <testcase name="deom" time="0.000" classname="testngPractice.TestCasesInvocationCount"/>
  <testcase name="deom" time="0.000" classname="testngPractice.TestCasesInvocationCount"/>
  <testcase name="deom" time="0.000" classname="testngPractice.TestCasesInvocationCount"/>
  <testcase name="deom" time="0.000" classname="testngPractice.TestCasesInvocationCount"/>
  <testcase name="deom" time="0.000" classname="testngPractice.TestCasesInvocationCount"/>
  <testcase name="deom" time="0.000" classname="testngPractice.TestCasesInvocationCount"/>
  <testcase name="deom" time="0.000" classname="testngPractice.TestCasesInvocationCount"/>
  <testcase name="deom" time="0.000" classname="testngPractice.TestCasesInvocationCount"/>
  <testcase name="deom" time="0.001" classname="testngPractice.TestCasesInvocationCount"/>
  <testcase name="deom" time="0.000" classname="testngPractice.TestCasesInvocationCount"/>
  <testcase name="deom" time="0.000" classname="testngPractice.TestCasesInvocationCount"/>
  <testcase name="deom" time="0.000" classname="testngPractice.TestCasesInvocationCount"/>
  <testcase name="deom" time="0.000" classname="testngPractice.TestCasesInvocationCount"/>
  <testcase name="deom" time="0.000" classname="testngPractice.TestCasesInvocationCount"/>
  <testcase name="deom" time="0.000" classname="testngPractice.TestCasesInvocationCount"/>
  <testcase name="deom" time="0.000" classname="testngPractice.TestCasesInvocationCount"/>
  <testcase name="deom" time="0.001" classname="testngPractice.TestCasesInvocationCount"/>
  <testcase name="deom" time="0.000" classname="testngPractice.TestCasesInvocationCount"/>
  <testcase name="deom" time="0.000" classname="testngPractice.TestCasesInvocationCount"/>
  <testcase name="deom" time="0.000" classname="testngPractice.TestCasesInvocationCount"/>
  <testcase name="deom" time="0.000" classname="testngPractice.TestCasesInvocationCount"/>
  <testcase name="deom" time="0.001" classname="testngPractice.TestCasesInvocationCount"/>
  <testcase name="deom" time="0.000" classname="testngPractice.TestCasesInvocationCount"/>
  <testcase name="deom" time="0.001" classname="testngPractice.TestCasesInvocationCount"/>
  <testcase name="deom" time="0.000" classname="testngPractice.TestCasesInvocationCount"/>
  <testcase name="deom" time="0.000" classname="testngPractice.TestCasesInvocationCount"/>
  <testcase name="deom" time="0.000" classname="testngPractice.TestCasesInvocationCount"/>
  <testcase name="deom" time="0.001" classname="testngPractice.TestCasesInvocationCount"/>
  <testcase name="deom" time="0.001" classname="testngPractice.TestCasesInvocationCount"/>
  <testcase name="deom" time="0.000" classname="testngPractice.TestCasesInvocationCount"/>
  <testcase name="deom" time="0.000" classname="testngPractice.TestCasesInvocationCount"/>
  <testcase name="deom" time="0.000" classname="testngPractice.TestCasesInvocationCount"/>
  <testcase name="deom" time="0.000" classname="testngPractice.TestCasesInvocationCount"/>
  <testcase name="deom" time="0.000" classname="testngPractice.TestCasesInvocationCount"/>
  <testcase name="deom" time="0.000" classname="testngPractice.TestCasesInvocationCount"/>
  <testcase name="deom" time="0.000" classname="testngPractice.TestCasesInvocationCount"/>
  <testcase name="deom" time="0.000" classname="testngPractice.TestCasesInvocationCount"/>
  <testcase name="deom" time="0.000" classname="testngPractice.TestCasesInvocationCount"/>
  <testcase name="deom" time="0.000" classname="testngPractice.TestCasesInvocationCount"/>
  <testcase name="deom" time="0.000" classname="testngPractice.TestCasesInvocationCount"/>
  <testcase name="deom" time="0.000" classname="testngPractice.TestCasesInvocationCount"/>
  <testcase name="deom" time="0.000" classname="testngPractice.TestCasesInvocationCount"/>
  <testcase name="deom" time="0.000" classname="testngPractice.TestCasesInvocationCount"/>
  <testcase name="deom" time="0.000" classname="testngPractice.TestCasesInvocationCount"/>
  <testcase name="deom" time="0.000" classname="testngPractice.TestCasesInvocationCount"/>
  <testcase name="deom" time="0.000" classname="testngPractice.TestCasesInvocationCount"/>
  <testcase name="deom" time="0.000" classname="testngPractice.TestCasesInvocationCount"/>
  <testcase name="deom" time="0.000" classname="testngPractice.TestCasesInvocationCount"/>
  <testcase name="deom" time="0.000" classname="testngPractice.TestCasesInvocationCount"/>
  <testcase name="deom" time="0.000" classname="testngPractice.TestCasesInvocationCount"/>
  <testcase name="deom" time="0.000" classname="testngPractice.TestCasesInvocationCount"/>
  <testcase name="deom" time="0.001" classname="testngPractice.TestCasesInvocationCount"/>
  <testcase name="deom" time="0.000" classname="testngPractice.TestCasesInvocationCount"/>
  <testcase name="deom" time="0.000" classname="testngPractice.TestCasesInvocationCount"/>
  <testcase name="deom" time="0.000" classname="testngPractice.TestCasesInvocationCount"/>
  <testcase name="deom" time="0.000" classname="testngPractice.TestCasesInvocationCount"/>
  <testcase name="deom" time="0.000" classname="testngPractice.TestCasesInvocationCount"/>
  <testcase name="deom" time="0.001" classname="testngPractice.TestCasesInvocationCount"/>
  <testcase name="deom" time="0.000" classname="testngPractice.TestCasesInvocationCount"/>
  <testcase name="deom" time="0.001" classname="testngPractice.TestCasesInvocationCount"/>
  <testcase name="deom" time="0.001" classname="testngPractice.TestCasesInvocationCount"/>
  <testcase name="deom" time="0.000" classname="testngPractice.TestCasesInvocationCount"/>
  <testcase name="deom" time="0.000" classname="testngPractice.TestCasesInvocationCount"/>
  <testcase name="deom" time="0.001" classname="testngPractice.TestCasesInvocationCount"/>
  <testcase name="deom" time="0.000" classname="testngPractice.TestCasesInvocationCount"/>
  <testcase name="deom" time="0.000" classname="testngPractice.TestCasesInvocationCount"/>
  <testcase name="deom" time="0.001" classname="testngPractice.TestCasesInvocationCount"/>
  <testcase name="deom" time="0.001" classname="testngPractice.TestCasesInvocationCount"/>
  <testcase name="deom" time="0.000" classname="testngPractice.TestCasesInvocationCount"/>
  <testcase name="deom" time="0.000" classname="testngPractice.TestCasesInvocationCount"/>
  <testcase name="deom" time="0.000" classname="testngPractice.TestCasesInvocationCount"/>
  <testcase name="deom" time="0.000" classname="testngPractice.TestCasesInvocationCount"/>
  <testcase name="deom" time="0.000" classname="testngPractice.TestCasesInvocationCount"/>
  <testcase name="deom" time="0.000" classname="testngPractice.TestCasesInvocationCount"/>
  <testcase name="deom" time="0.001" classname="testngPractice.TestCasesInvocationCount"/>
  <testcase name="deom" time="0.001" classname="testngPractice.TestCasesInvocationCount"/>
  <testcase name="deom" time="0.000" classname="testngPractice.TestCasesInvocationCount"/>
  <testcase name="deom" time="0.000" classname="testngPractice.TestCasesInvocationCount"/>
  <testcase name="deom" time="0.000" classname="testngPractice.TestCasesInvocationCount"/>
  <testcase name="deom" time="0.000" classname="testngPractice.TestCasesInvocationCount"/>
  <testcase name="deom" time="0.000" classname="testngPractice.TestCasesInvocationCount"/>
  <testcase name="deom" time="0.002" classname="testngPractice.TestCasesInvocationCount"/>
  <testcase name="deom" time="0.000" classname="testngPractice.TestCasesInvocationCount"/>
  <testcase name="deom" time="0.000" classname="testngPractice.TestCasesInvocationCount"/>
  <testcase name="deom" time="0.004" classname="testngPractice.TestCasesInvocationCount"/>
  <testcase name="deom" time="0.001" classname="testngPractice.TestCasesInvocationCount"/>
  <testcase name="deom" time="0.000" classname="testngPractice.TestCasesInvocationCount"/>
  <testcase name="deom" time="0.001" classname="testngPractice.TestCasesInvocationCount"/>
  <testcase name="deom" time="0.000" classname="testngPractice.TestCasesInvocationCount"/>
  <testcase name="deom" time="0.000" classname="testngPractice.TestCasesInvocationCount"/>
  <testcase name="deom" time="0.000" classname="testngPractice.TestCasesInvocationCount"/>
  <testcase name="deom" time="0.001" classname="testngPractice.TestCasesInvocationCount"/>
  <testcase name="deom" time="0.000" classname="testngPractice.TestCasesInvocationCount"/>
  <testcase name="deom" time="0.000" classname="testngPractice.TestCasesInvocationCount"/>
  <testcase name="deom" time="0.001" classname="testngPractice.TestCasesInvocationCount"/>
  <testcase name="deom" time="0.001" classname="testngPractice.TestCasesInvocationCount"/>
  <testcase name="deom" time="0.000" classname="testngPractice.TestCasesInvocationCount"/>
  <testcase name="deom" time="0.000" classname="testngPractice.TestCasesInvocationCount"/>
  <testcase name="deom" time="0.000" classname="testngPractice.TestCasesInvocationCount"/>
  <testcase name="deom" time="0.000" classname="testngPractice.TestCasesInvocationCount"/>
  <testcase name="deom" time="0.000" classname="testngPractice.TestCasesInvocationCount"/>
  <testcase name="deom" time="0.000" classname="testngPractice.TestCasesInvocationCount"/>
  <testcase name="deom" time="0.000" classname="testngPractice.TestCasesInvocationCount"/>
  <testcase name="deom" time="0.000" classname="testngPractice.TestCasesInvocationCount"/>
  <testcase name="deom" time="0.000" classname="testngPractice.TestCasesInvocationCount"/>
  <testcase name="deom" time="0.001" classname="testngPractice.TestCasesInvocationCount"/>
  <testcase name="deom" time="0.002" classname="testngPractice.TestCasesInvocationCount"/>
  <testcase name="deom" time="0.000" classname="testngPractice.TestCasesInvocationCount"/>
  <testcase name="deom" time="0.000" classname="testngPractice.TestCasesInvocationCount"/>
  <testcase name="deom" time="0.000" classname="testngPractice.TestCasesInvocationCount"/>
  <testcase name="deom" time="0.000" classname="testngPractice.TestCasesInvocationCount"/>
  <testcase name="deom" time="0.000" classname="testngPractice.TestCasesInvocationCount"/>
  <testcase name="deom" time="0.001" classname="testngPractice.TestCasesInvocationCount"/>
  <testcase name="deom" time="0.000" classname="testngPractice.TestCasesInvocationCount"/>
  <testcase name="deom" time="0.001" classname="testngPractice.TestCasesInvocationCount"/>
  <testcase name="deom" time="0.000" classname="testngPractice.TestCasesInvocationCount"/>
  <testcase name="deom" time="0.000" classname="testngPractice.TestCasesInvocationCount"/>
  <testcase name="deom" time="0.001" classname="testngPractice.TestCasesInvocationCount"/>
  <testcase name="deom" time="0.000" classname="testngPractice.TestCasesInvocationCount"/>
  <testcase name="deom" time="0.000" classname="testngPractice.TestCasesInvocationCount"/>
  <testcase name="deom" time="0.001" classname="testngPractice.TestCasesInvocationCount"/>
  <testcase name="deom" time="0.000" classname="testngPractice.TestCasesInvocationCount"/>
  <testcase name="deom" time="0.000" classname="testngPractice.TestCasesInvocationCount"/>
  <testcase name="deom" time="0.000" classname="testngPractice.TestCasesInvocationCount"/>
  <testcase name="deom" time="0.000" classname="testngPractice.TestCasesInvocationCount"/>
  <testcase name="deom" time="0.000" classname="testngPractice.TestCasesInvocationCount"/>
  <testcase name="deom" time="0.000" classname="testngPractice.TestCasesInvocationCount"/>
  <testcase name="deom" time="0.000" classname="testngPractice.TestCasesInvocationCount"/>
  <testcase name="deom" time="0.000" classname="testngPractice.TestCasesInvocationCount"/>
  <testcase name="deom" time="0.001" classname="testngPractice.TestCasesInvocationCount"/>
  <testcase name="deom" time="0.000" classname="testngPractice.TestCasesInvocationCount"/>
  <testcase name="deom" time="0.000" classname="testngPractice.TestCasesInvocationCount"/>
  <testcase name="deom" time="0.001" classname="testngPractice.TestCasesInvocationCount"/>
  <testcase name="deom" time="0.000" classname="testngPractice.TestCasesInvocationCount"/>
  <testcase name="deom" time="0.001" classname="testngPractice.TestCasesInvocationCount"/>
  <testcase name="deom" time="0.001" classname="testngPractice.TestCasesInvocationCount"/>
  <testcase name="deom" time="0.000" classname="testngPractice.TestCasesInvocationCount"/>
  <testcase name="deom" time="0.000" classname="testngPractice.TestCasesInvocationCount"/>
  <testcase name="deom" time="0.001" classname="testngPractice.TestCasesInvocationCount"/>
  <testcase name="deom" time="0.000" classname="testngPractice.TestCasesInvocationCount"/>
  <testcase name="deom" time="0.000" classname="testngPractice.TestCasesInvocationCount"/>
  <testcase name="deom" time="0.001" classname="testngPractice.TestCasesInvocationCount"/>
  <testcase name="deom" time="0.000" classname="testngPractice.TestCasesInvocationCount"/>
  <testcase name="deom" time="0.000" classname="testngPractice.TestCasesInvocationCount"/>
  <testcase name="deom" time="0.000" classname="testngPractice.TestCasesInvocationCount"/>
  <testcase name="deom" time="0.001" classname="testngPractice.TestCasesInvocationCount"/>
  <testcase name="deom" time="0.000" classname="testngPractice.TestCasesInvocationCount"/>
  <testcase name="deom" time="0.000" classname="testngPractice.TestCasesInvocationCount"/>
  <testcase name="deom" time="0.000" classname="testngPractice.TestCasesInvocationCount"/>
  <testcase name="deom" time="0.001" classname="testngPractice.TestCasesInvocationCount"/>
  <testcase name="deom" time="0.000" classname="testngPractice.TestCasesInvocationCount"/>
  <testcase name="deom" time="0.001" classname="testngPractice.TestCasesInvocationCount"/>
  <testcase name="deom" time="0.000" classname="testngPractice.TestCasesInvocationCount"/>
  <testcase name="deom" time="0.000" classname="testngPractice.TestCasesInvocationCount"/>
  <testcase name="deom" time="0.001" classname="testngPractice.TestCasesInvocationCount"/>
  <testcase name="deom" time="0.000" classname="testngPractice.TestCasesInvocationCount"/>
  <testcase name="deom" time="0.000" classname="testngPractice.TestCasesInvocationCount"/>
  <testcase name="deom" time="0.001" classname="testngPractice.TestCasesInvocationCount"/>
  <testcase name="deom" time="0.000" classname="testngPractice.TestCasesInvocationCount"/>
  <testcase name="deom" time="0.000" classname="testngPractice.TestCasesInvocationCount"/>
  <testcase name="deom" time="0.000" classname="testngPractice.TestCasesInvocationCount"/>
  <testcase name="deom" time="0.001" classname="testngPractice.TestCasesInvocationCount"/>
  <testcase name="deom" time="0.000" classname="testngPractice.TestCasesInvocationCount"/>
  <testcase name="deom" time="0.000" classname="testngPractice.TestCasesInvocationCount"/>
  <testcase name="deom" time="0.000" classname="testngPractice.TestCasesInvocationCount"/>
  <testcase name="deom" time="0.001" classname="testngPractice.TestCasesInvocationCount"/>
  <testcase name="deom" time="0.000" classname="testngPractice.TestCasesInvocationCount"/>
  <testcase name="deom" time="0.004" classname="testngPractice.TestCasesInvocationCount"/>
  <testcase name="deom" time="0.000" classname="testngPractice.TestCasesInvocationCount"/>
  <testcase name="deom" time="0.000" classname="testngPractice.TestCasesInvocationCount"/>
  <testcase name="deom" time="0.000" classname="testngPractice.TestCasesInvocationCount"/>
  <testcase name="deom" time="0.000" classname="testngPractice.TestCasesInvocationCount"/>
  <testcase name="deom" time="0.000" classname="testngPractice.TestCasesInvocationCount"/>
  <testcase name="deom" time="0.000" classname="testngPractice.TestCasesInvocationCount"/>
  <testcase name="deom" time="0.000" classname="testngPractice.TestCasesInvocationCount"/>
  <testcase name="deom" time="0.000" classname="testngPractice.TestCasesInvocationCount"/>
  <testcase name="deom" time="0.000" classname="testngPractice.TestCasesInvocationCount"/>
  <testcase name="deom" time="0.000" classname="testngPractice.TestCasesInvocationCount"/>
  <testcase name="deom" time="0.000" classname="testngPractice.TestCasesInvocationCount"/>
  <testcase name="deom" time="0.001" classname="testngPractice.TestCasesInvocationCount"/>
  <testcase name="deom" time="0.000" classname="testngPractice.TestCasesInvocationCount"/>
  <testcase name="deom" time="0.000" classname="testngPractice.TestCasesInvocationCount"/>
  <testcase name="deom" time="0.001" classname="testngPractice.TestCasesInvocationCount"/>
  <testcase name="deom" time="0.000" classname="testngPractice.TestCasesInvocationCount"/>
  <testcase name="deom" time="0.000" classname="testngPractice.TestCasesInvocationCount"/>
  <testcase name="deom" time="0.000" classname="testngPractice.TestCasesInvocationCount"/>
  <testcase name="deom" time="0.001" classname="testngPractice.TestCasesInvocationCount"/>
  <testcase name="deom" time="0.000" classname="testngPractice.TestCasesInvocationCount"/>
  <testcase name="deom" time="0.000" classname="testngPractice.TestCasesInvocationCount"/>
  <testcase name="deom" time="0.000" classname="testngPractice.TestCasesInvocationCount"/>
  <testcase name="deom" time="0.001" classname="testngPractice.TestCasesInvocationCount"/>
  <testcase name="deom" time="0.000" classname="testngPractice.TestCasesInvocationCount"/>
  <testcase name="deom" time="0.000" classname="testngPractice.TestCasesInvocationCount"/>
  <testcase name="deom" time="0.000" classname="testngPractice.TestCasesInvocationCount"/>
  <testcase name="deom" time="0.002" classname="testngPractice.TestCasesInvocationCount"/>
  <testcase name="deom" time="0.000" classname="testngPractice.TestCasesInvocationCount"/>
  <testcase name="deom" time="0.000" classname="testngPractice.TestCasesInvocationCount"/>
  <testcase name="deom" time="0.000" classname="testngPractice.TestCasesInvocationCount"/>
  <testcase name="deom" time="0.000" classname="testngPractice.TestCasesInvocationCount"/>
  <testcase name="deom" time="0.000" classname="testngPractice.TestCasesInvocationCount"/>
  <testcase name="deom" time="0.000" classname="testngPractice.TestCasesInvocationCount"/>
  <testcase name="deom" time="0.000" classname="testngPractice.TestCasesInvocationCount"/>
  <testcase name="deom" time="0.000" classname="testngPractice.TestCasesInvocationCount"/>
  <testcase name="deom" time="0.001" classname="testngPractice.TestCasesInvocationCount"/>
  <testcase name="deom" time="0.000" classname="testngPractice.TestCasesInvocationCount"/>
  <testcase name="deom" time="0.000" classname="testngPractice.TestCasesInvocationCount"/>
  <testcase name="deom" time="0.000" classname="testngPractice.TestCasesInvocationCount"/>
  <testcase name="deom" time="0.000" classname="testngPractice.TestCasesInvocationCount"/>
  <testcase name="deom" time="0.000" classname="testngPractice.TestCasesInvocationCount"/>
  <testcase name="deom" time="0.000" classname="testngPractice.TestCasesInvocationCount"/>
  <testcase name="deom" time="0.000" classname="testngPractice.TestCasesInvocationCount"/>
  <testcase name="deom" time="0.001" classname="testngPractice.TestCasesInvocationCount"/>
  <testcase name="deom" time="0.002" classname="testngPractice.TestCasesInvocationCount"/>
  <testcase name="deom" time="0.000" classname="testngPractice.TestCasesInvocationCount"/>
  <testcase name="deom" time="0.000" classname="testngPractice.TestCasesInvocationCount"/>
  <testcase name="deom" time="0.000" classname="testngPractice.TestCasesInvocationCount"/>
  <testcase name="deom" time="0.000" classname="testngPractice.TestCasesInvocationCount"/>
  <testcase name="deom" time="0.000" classname="testngPractice.TestCasesInvocationCount"/>
  <testcase name="deom" time="0.000" classname="testngPractice.TestCasesInvocationCount"/>
  <testcase name="deom" time="0.002" classname="testngPractice.TestCasesInvocationCount"/>
  <testcase name="deom" time="0.001" classname="testngPractice.TestCasesInvocationCount"/>
  <testcase name="deom" time="0.006" classname="testngPractice.TestCasesInvocationCount"/>
  <testcase name="deom" time="0.000" classname="testngPractice.TestCasesInvocationCount"/>
  <testcase name="deom" time="0.000" classname="testngPractice.TestCasesInvocationCount"/>
  <testcase name="deom" time="0.001" classname="testngPractice.TestCasesInvocationCount"/>
  <testcase name="deom" time="0.000" classname="testngPractice.TestCasesInvocationCount"/>
  <testcase name="deom" time="0.001" classname="testngPractice.TestCasesInvocationCount"/>
  <testcase name="deom" time="0.000" classname="testngPractice.TestCasesInvocationCount"/>
  <testcase name="deom" time="0.000" classname="testngPractice.TestCasesInvocationCount"/>
  <testcase name="deom" time="0.001" classname="testngPractice.TestCasesInvocationCount"/>
  <testcase name="deom" time="0.000" classname="testngPractice.TestCasesInvocationCount"/>
  <testcase name="deom" time="0.001" classname="testngPractice.TestCasesInvocationCount"/>
  <testcase name="deom" time="0.000" classname="testngPractice.TestCasesInvocationCount"/>
  <testcase name="deom" time="0.000" classname="testngPractice.TestCasesInvocationCount"/>
  <testcase name="deom" time="0.000" classname="testngPractice.TestCasesInvocationCount"/>
  <testcase name="deom" time="0.000" classname="testngPractice.TestCasesInvocationCount"/>
  <testcase name="deom" time="0.001" classname="testngPractice.TestCasesInvocationCount"/>
  <testcase name="deom" time="0.000" classname="testngPractice.TestCasesInvocationCount"/>
  <testcase name="deom" time="0.001" classname="testngPractice.TestCasesInvocationCount"/>
  <testcase name="deom" time="0.000" classname="testngPractice.TestCasesInvocationCount"/>
  <testcase name="deom" time="0.000" classname="testngPractice.TestCasesInvocationCount"/>
  <testcase name="deom" time="0.000" classname="testngPractice.TestCasesInvocationCount"/>
  <testcase name="deom" time="0.000" classname="testngPractice.TestCasesInvocationCount"/>
  <testcase name="deom" time="0.000" classname="testngPractice.TestCasesInvocationCount"/>
  <testcase name="deom" time="0.001" classname="testngPractice.TestCasesInvocationCount"/>
  <testcase name="deom" time="0.000" classname="testngPractice.TestCasesInvocationCount"/>
  <testcase name="deom" time="0.001" classname="testngPractice.TestCasesInvocationCount"/>
  <testcase name="deom" time="0.002" classname="testngPractice.TestCasesInvocationCount"/>
  <testcase name="deom" time="0.001" classname="testngPractice.TestCasesInvocationCount"/>
  <testcase name="deom" time="0.000" classname="testngPractice.TestCasesInvocationCount"/>
  <testcase name="deom" time="0.001" classname="testngPractice.TestCasesInvocationCount"/>
  <testcase name="deom" time="0.001" classname="testngPractice.TestCasesInvocationCount"/>
  <testcase name="deom" time="0.001" classname="testngPractice.TestCasesInvocationCount"/>
  <testcase name="deom" time="0.000" classname="testngPractice.TestCasesInvocationCount"/>
  <testcase name="deom" time="0.000" classname="testngPractice.TestCasesInvocationCount"/>
  <testcase name="deom" time="0.000" classname="testngPractice.TestCasesInvocationCount"/>
  <testcase name="deom" time="0.000" classname="testngPractice.TestCasesInvocationCount"/>
  <testcase name="deom" time="0.000" classname="testngPractice.TestCasesInvocationCount"/>
  <testcase name="deom" time="0.000" classname="testngPractice.TestCasesInvocationCount"/>
  <testcase name="deom" time="0.002" classname="testngPractice.TestCasesInvocationCount"/>
  <testcase name="deom" time="0.000" classname="testngPractice.TestCasesInvocationCount"/>
  <testcase name="deom" time="0.000" classname="testngPractice.TestCasesInvocationCount"/>
  <testcase name="deom" time="0.000" classname="testngPractice.TestCasesInvocationCount"/>
  <testcase name="deom" time="0.001" classname="testngPractice.TestCasesInvocationCount"/>
  <testcase name="deom" time="0.001" classname="testngPractice.TestCasesInvocationCount"/>
  <testcase name="deom" time="0.001" classname="testngPractice.TestCasesInvocationCount"/>
  <testcase name="deom" time="0.006" classname="testngPractice.TestCasesInvocationCount"/>
  <testcase name="deom" time="0.000" classname="testngPractice.TestCasesInvocationCount"/>
  <testcase name="deom" time="0.001" classname="testngPractice.TestCasesInvocationCount"/>
  <testcase name="deom" time="0.000" classname="testngPractice.TestCasesInvocationCount"/>
  <testcase name="deom" time="0.001" classname="testngPractice.TestCasesInvocationCount"/>
  <testcase name="deom" time="0.000" classname="testngPractice.TestCasesInvocationCount"/>
  <testcase name="deom" time="0.000" classname="testngPractice.TestCasesInvocationCount"/>
  <testcase name="deom" time="0.000" classname="testngPractice.TestCasesInvocationCount"/>
  <testcase name="deom" time="0.000" classname="testngPractice.TestCasesInvocationCount"/>
  <testcase name="deom" time="0.000" classname="testngPractice.TestCasesInvocationCount"/>
  <testcase name="deom" time="0.000" classname="testngPractice.TestCasesInvocationCount"/>
  <testcase name="deom" time="0.001" classname="testngPractice.TestCasesInvocationCount"/>
  <testcase name="deom" time="0.000" classname="testngPractice.TestCasesInvocationCount"/>
  <testcase name="deom" time="0.000" classname="testngPractice.TestCasesInvocationCount"/>
  <testcase name="deom" time="0.000" classname="testngPractice.TestCasesInvocationCount"/>
  <testcase name="deom" time="0.000" classname="testngPractice.TestCasesInvocationCount"/>
  <testcase name="deom" time="0.000" classname="testngPractice.TestCasesInvocationCount"/>
  <testcase name="deom" time="0.001" classname="testngPractice.TestCasesInvocationCount"/>
  <testcase name="deom" time="0.002" classname="testngPractice.TestCasesInvocationCount"/>
  <testcase name="deom" time="0.000" classname="testngPractice.TestCasesInvocationCount"/>
  <testcase name="deom" time="0.000" classname="testngPractice.TestCasesInvocationCount"/>
  <testcase name="deom" time="0.000" classname="testngPractice.TestCasesInvocationCount"/>
  <testcase name="deom" time="0.000" classname="testngPractice.TestCasesInvocationCount"/>
  <testcase name="deom" time="0.000" classname="testngPractice.TestCasesInvocationCount"/>
  <testcase name="deom" time="0.000" classname="testngPractice.TestCasesInvocationCount"/>
  <testcase name="deom" time="0.000" classname="testngPractice.TestCasesInvocationCount"/>
  <testcase name="deom" time="0.002" classname="testngPractice.TestCasesInvocationCount"/>
  <testcase name="deom" time="0.000" classname="testngPractice.TestCasesInvocationCount"/>
  <testcase name="deom" time="0.001" classname="testngPractice.TestCasesInvocationCount"/>
  <testcase name="deom" time="0.001" classname="testngPractice.TestCasesInvocationCount"/>
  <testcase name="deom" time="0.000" classname="testngPractice.TestCasesInvocationCount"/>
  <testcase name="deom" time="0.000" classname="testngPractice.TestCasesInvocationCount"/>
  <testcase name="deom" time="0.000" classname="testngPractice.TestCasesInvocationCount"/>
  <testcase name="deom" time="0.000" classname="testngPractice.TestCasesInvocationCount"/>
  <testcase name="deom" time="0.000" classname="testngPractice.TestCasesInvocationCount"/>
  <testcase name="deom" time="0.000" classname="testngPractice.TestCasesInvocationCount"/>
  <testcase name="deom" time="0.000" classname="testngPractice.TestCasesInvocationCount"/>
  <testcase name="deom" time="0.000" classname="testngPractice.TestCasesInvocationCount"/>
  <testcase name="deom" time="0.000" classname="testngPractice.TestCasesInvocationCount"/>
  <testcase name="deom" time="0.000" classname="testngPractice.TestCasesInvocationCount"/>
  <testcase name="deom" time="0.000" classname="testngPractice.TestCasesInvocationCount"/>
  <testcase name="deom" time="0.000" classname="testngPractice.TestCasesInvocationCount"/>
  <testcase name="deom" time="0.001" classname="testngPractice.TestCasesInvocationCount"/>
  <testcase name="deom" time="0.000" classname="testngPractice.TestCasesInvocationCount"/>
  <testcase name="deom" time="0.001" classname="testngPractice.TestCasesInvocationCount"/>
  <testcase name="deom" time="0.000" classname="testngPractice.TestCasesInvocationCount"/>
  <testcase name="deom" time="0.001" classname="testngPractice.TestCasesInvocationCount"/>
  <testcase name="deom" time="0.000" classname="testngPractice.TestCasesInvocationCount"/>
  <testcase name="deom" time="0.000" classname="testngPractice.TestCasesInvocationCount"/>
  <testcase name="deom" time="0.001" classname="testngPractice.TestCasesInvocationCount"/>
  <testcase name="deom" time="0.000" classname="testngPractice.TestCasesInvocationCount"/>
  <testcase name="deom" time="0.000" classname="testngPractice.TestCasesInvocationCount"/>
  <testcase name="deom" time="0.000" classname="testngPractice.TestCasesInvocationCount"/>
  <testcase name="deom" time="0.000" classname="testngPractice.TestCasesInvocationCount"/>
  <testcase name="deom" time="0.001" classname="testngPractice.TestCasesInvocationCount"/>
  <testcase name="deom" time="0.000" classname="testngPractice.TestCasesInvocationCount"/>
  <testcase name="deom" time="0.000" classname="testngPractice.TestCasesInvocationCount"/>
  <testcase name="deom" time="0.000" classname="testngPractice.TestCasesInvocationCount"/>
  <testcase name="deom" time="0.001" classname="testngPractice.TestCasesInvocationCount"/>
  <testcase name="deom" time="0.001" classname="testngPractice.TestCasesInvocationCount"/>
  <testcase name="deom" time="0.000" classname="testngPractice.TestCasesInvocationCount"/>
  <testcase name="deom" time="0.000" classname="testngPractice.TestCasesInvocationCount"/>
  <testcase name="deom" time="0.000" classname="testngPractice.TestCasesInvocationCount"/>
  <testcase name="deom" time="0.000" classname="testngPractice.TestCasesInvocationCount"/>
  <testcase name="deom" time="0.000" classname="testngPractice.TestCasesInvocationCount"/>
  <testcase name="deom" time="0.001" classname="testngPractice.TestCasesInvocationCount"/>
  <testcase name="deom" time="0.000" classname="testngPractice.TestCasesInvocationCount"/>
  <testcase name="deom" time="0.000" classname="testngPractice.TestCasesInvocationCount"/>
  <testcase name="deom" time="0.000" classname="testngPractice.TestCasesInvocationCount"/>
  <testcase name="deom" time="0.002" classname="testngPractice.TestCasesInvocationCount"/>
  <testcase name="deom" time="0.000" classname="testngPractice.TestCasesInvocationCount"/>
  <testcase name="deom" time="0.000" classname="testngPractice.TestCasesInvocationCount"/>
  <testcase name="deom" time="0.000" classname="testngPractice.TestCasesInvocationCount"/>
  <testcase name="deom" time="0.001" classname="testngPractice.TestCasesInvocationCount"/>
  <testcase name="deom" time="0.000" classname="testngPractice.TestCasesInvocationCount"/>
  <testcase name="deom" time="0.001" classname="testngPractice.TestCasesInvocationCount"/>
  <testcase name="deom" time="0.000" classname="testngPractice.TestCasesInvocationCount"/>
  <testcase name="deom" time="0.000" classname="testngPractice.TestCasesInvocationCount"/>
  <testcase name="deom" time="0.000" classname="testngPractice.TestCasesInvocationCount"/>
  <testcase name="deom" time="0.000" classname="testngPractice.TestCasesInvocationCount"/>
  <testcase name="deom" time="0.000" classname="testngPractice.TestCasesInvocationCount"/>
  <testcase name="deom" time="0.000" classname="testngPractice.TestCasesInvocationCount"/>
  <testcase name="deom" time="0.000" classname="testngPractice.TestCasesInvocationCount"/>
  <testcase name="deom" time="0.001" classname="testngPractice.TestCasesInvocationCount"/>
  <testcase name="deom" time="0.000" classname="testngPractice.TestCasesInvocationCount"/>
  <testcase name="deom" time="0.001" classname="testngPractice.TestCasesInvocationCount"/>
  <testcase name="deom" time="0.000" classname="testngPractice.TestCasesInvocationCount"/>
  <testcase name="deom" time="0.007" classname="testngPractice.TestCasesInvocationCount"/>
  <testcase name="deom" time="0.000" classname="testngPractice.TestCasesInvocationCount"/>
  <testcase name="deom" time="0.000" classname="testngPractice.TestCasesInvocationCount"/>
  <testcase name="deom" time="0.000" classname="testngPractice.TestCasesInvocationCount"/>
  <testcase name="deom" time="0.000" classname="testngPractice.TestCasesInvocationCount"/>
  <testcase name="deom" time="0.000" classname="testngPractice.TestCasesInvocationCount"/>
  <testcase name="deom" time="0.000" classname="testngPractice.TestCasesInvocationCount"/>
  <testcase name="deom" time="0.000" classname="testngPractice.TestCasesInvocationCount"/>
  <testcase name="deom" time="0.000" classname="testngPractice.TestCasesInvocationCount"/>
  <testcase name="deom" time="0.001" classname="testngPractice.TestCasesInvocationCount"/>
  <testcase name="deom" time="0.000" classname="testngPractice.TestCasesInvocationCount"/>
  <testcase name="deom" time="0.000" classname="testngPractice.TestCasesInvocationCount"/>
  <testcase name="deom" time="0.000" classname="testngPractice.TestCasesInvocationCount"/>
  <testcase name="deom" time="0.004" classname="testngPractice.TestCasesInvocationCount"/>
  <testcase name="deom" time="0.000" classname="testngPractice.TestCasesInvocationCount"/>
  <testcase name="deom" time="0.000" classname="testngPractice.TestCasesInvocationCount"/>
  <testcase name="deom" time="0.000" classname="testngPractice.TestCasesInvocationCount"/>
  <testcase name="deom" time="0.000" classname="testngPractice.TestCasesInvocationCount"/>
  <testcase name="deom" time="0.000" classname="testngPractice.TestCasesInvocationCount"/>
  <testcase name="deom" time="0.000" classname="testngPractice.TestCasesInvocationCount"/>
  <testcase name="deom" time="0.000" classname="testngPractice.TestCasesInvocationCount"/>
  <testcase name="deom" time="0.001" classname="testngPractice.TestCasesInvocationCount"/>
  <testcase name="deom" time="0.000" classname="testngPractice.TestCasesInvocationCount"/>
  <testcase name="deom" time="0.000" classname="testngPractice.TestCasesInvocationCount"/>
  <testcase name="deom" time="0.001" classname="testngPractice.TestCasesInvocationCount"/>
  <testcase name="deom" time="0.000" classname="testngPractice.TestCasesInvocationCount"/>
  <testcase name="deom" time="0.000" classname="testngPractice.TestCasesInvocationCount"/>
  <testcase name="deom" time="0.000" classname="testngPractice.TestCasesInvocationCount"/>
  <testcase name="deom" time="0.000" classname="testngPractice.TestCasesInvocationCount"/>
  <testcase name="deom" time="0.000" classname="testngPractice.TestCasesInvocationCount"/>
  <testcase name="deom" time="0.000" classname="testngPractice.TestCasesInvocationCount"/>
  <testcase name="deom" time="0.000" classname="testngPractice.TestCasesInvocationCount"/>
  <testcase name="deom" time="0.000" classname="testngPractice.TestCasesInvocationCount"/>
  <testcase name="deom" time="0.000" classname="testngPractice.TestCasesInvocationCount"/>
  <testcase name="deom" time="0.001" classname="testngPractice.TestCasesInvocationCount"/>
  <testcase name="deom" time="0.000" classname="testngPractice.TestCasesInvocationCount"/>
  <testcase name="deom" time="0.000" classname="testngPractice.TestCasesInvocationCount"/>
  <testcase name="deom" time="0.001" classname="testngPractice.TestCasesInvocationCount"/>
  <testcase name="deom" time="0.000" classname="testngPractice.TestCasesInvocationCount"/>
  <testcase name="deom" time="0.000" classname="testngPractice.TestCasesInvocationCount"/>
  <testcase name="deom" time="0.000" classname="testngPractice.TestCasesInvocationCount"/>
  <testcase name="deom" time="0.000" classname="testngPractice.TestCasesInvocationCount"/>
  <testcase name="deom" time="0.000" classname="testngPractice.TestCasesInvocationCount"/>
  <testcase name="deom" time="0.000" classname="testngPractice.TestCasesInvocationCount"/>
  <testcase name="deom" time="0.000" classname="testngPractice.TestCasesInvocationCount"/>
  <testcase name="deom" time="0.000" classname="testngPractice.TestCasesInvocationCount"/>
  <testcase name="deom" time="0.000" classname="testngPractice.TestCasesInvocationCount"/>
  <testcase name="deom" time="0.000" classname="testngPractice.TestCasesInvocationCount"/>
  <testcase name="deom" time="0.001" classname="testngPractice.TestCasesInvocationCount"/>
  <testcase name="deom" time="0.000" classname="testngPractice.TestCasesInvocationCount"/>
  <testcase name="deom" time="0.000" classname="testngPractice.TestCasesInvocationCount"/>
  <testcase name="deom" time="0.000" classname="testngPractice.TestCasesInvocationCount"/>
  <testcase name="deom" time="0.001" classname="testngPractice.TestCasesInvocationCount"/>
  <testcase name="deom" time="0.001" classname="testngPractice.TestCasesInvocationCount"/>
  <testcase name="deom" time="0.000" classname="testngPractice.TestCasesInvocationCount"/>
  <testcase name="deom" time="0.000" classname="testngPractice.TestCasesInvocationCount"/>
  <testcase name="deom" time="0.000" classname="testngPractice.TestCasesInvocationCount"/>
  <testcase name="deom" time="0.000" classname="testngPractice.TestCasesInvocationCount"/>
  <testcase name="deom" time="0.000" classname="testngPractice.TestCasesInvocationCount"/>
  <testcase name="deom" time="0.000" classname="testngPractice.TestCasesInvocationCount"/>
  <testcase name="deom" time="0.000" classname="testngPractice.TestCasesInvocationCount"/>
  <testcase name="deom" time="0.000" classname="testngPractice.TestCasesInvocationCount"/>
  <testcase name="deom" time="0.001" classname="testngPractice.TestCasesInvocationCount"/>
  <testcase name="deom" time="0.001" classname="testngPractice.TestCasesInvocationCount"/>
  <testcase name="deom" time="0.001" classname="testngPractice.TestCasesInvocationCount"/>
  <testcase name="deom" time="0.001" classname="testngPractice.TestCasesInvocationCount"/>
  <testcase name="deom" time="0.000" classname="testngPractice.TestCasesInvocationCount"/>
  <testcase name="deom" time="0.000" classname="testngPractice.TestCasesInvocationCount"/>
  <testcase name="deom" time="0.000" classname="testngPractice.TestCasesInvocationCount"/>
  <testcase name="deom" time="0.000" classname="testngPractice.TestCasesInvocationCount"/>
  <testcase name="deom" time="0.000" classname="testngPractice.TestCasesInvocationCount"/>
  <testcase name="deom" time="0.001" classname="testngPractice.TestCasesInvocationCount"/>
  <testcase name="deom" time="0.000" classname="testngPractice.TestCasesInvocationCount"/>
  <testcase name="deom" time="0.000" classname="testngPractice.TestCasesInvocationCount"/>
  <testcase name="deom" time="0.139" classname="testngPractice.TestCasesInvocationCount"/>
  <testcase name="deom" time="0.000" classname="testngPractice.TestCasesInvocationCount"/>
  <testcase name="deom" time="0.000" classname="testngPractice.TestCasesInvocationCount"/>
  <testcase name="deom" time="0.000" classname="testngPractice.TestCasesInvocationCount"/>
  <testcase name="deom" time="0.000" classname="testngPractice.TestCasesInvocationCount"/>
  <testcase name="deom" time="0.000" classname="testngPractice.TestCasesInvocationCount"/>
  <testcase name="deom" time="0.000" classname="testngPractice.TestCasesInvocationCount"/>
  <testcase name="deom" time="0.000" classname="testngPractice.TestCasesInvocationCount"/>
  <testcase name="deom" time="0.000" classname="testngPractice.TestCasesInvocationCount"/>
  <testcase name="deom" time="0.000" classname="testngPractice.TestCasesInvocationCount"/>
  <testcase name="deom" time="0.000" classname="testngPractice.TestCasesInvocationCount"/>
  <testcase name="deom" time="0.001" classname="testngPractice.TestCasesInvocationCount"/>
  <testcase name="deom" time="0.000" classname="testngPractice.TestCasesInvocationCount"/>
  <testcase name="deom" time="0.001" classname="testngPractice.TestCasesInvocationCount"/>
  <testcase name="deom" time="0.000" classname="testngPractice.TestCasesInvocationCount"/>
  <testcase name="deom" time="0.000" classname="testngPractice.TestCasesInvocationCount"/>
  <testcase name="deom" time="0.000" classname="testngPractice.TestCasesInvocationCount"/>
  <testcase name="deom" time="0.000" classname="testngPractice.TestCasesInvocationCount"/>
  <testcase name="deom" time="0.000" classname="testngPractice.TestCasesInvocationCount"/>
  <testcase name="deom" time="0.000" classname="testngPractice.TestCasesInvocationCount"/>
  <testcase name="deom" time="0.001" classname="testngPractice.TestCasesInvocationCount"/>
  <testcase name="deom" time="0.000" classname="testngPractice.TestCasesInvocationCount"/>
  <testcase name="deom" time="0.000" classname="testngPractice.TestCasesInvocationCount"/>
  <testcase name="deom" time="0.000" classname="testngPractice.TestCasesInvocationCount"/>
  <testcase name="deom" time="0.001" classname="testngPractice.TestCasesInvocationCount"/>
  <testcase name="deom" time="0.000" classname="testngPractice.TestCasesInvocationCount"/>
  <testcase name="deom" time="0.000" classname="testngPractice.TestCasesInvocationCount"/>
  <testcase name="deom" time="0.000" classname="testngPractice.TestCasesInvocationCount"/>
  <testcase name="deom" time="0.001" classname="testngPractice.TestCasesInvocationCount"/>
  <testcase name="deom" time="0.000" classname="testngPractice.TestCasesInvocationCount"/>
  <testcase name="deom" time="0.000" classname="testngPractice.TestCasesInvocationCount"/>
  <testcase name="deom" time="0.001" classname="testngPractice.TestCasesInvocationCount"/>
  <testcase name="deom" time="0.001" classname="testngPractice.TestCasesInvocationCount"/>
  <testcase name="deom" time="0.000" classname="testngPractice.TestCasesInvocationCount"/>
  <testcase name="deom" time="0.027" classname="testngPractice.TestCasesInvocationCount"/>
  <testcase name="deom" time="0.000" classname="testngPractice.TestCasesInvocationCount"/>
  <testcase name="deom" time="0.001" classname="testngPractice.TestCasesInvocationCount"/>
  <testcase name="deom" time="0.000" classname="testngPractice.TestCasesInvocationCount"/>
  <testcase name="deom" time="0.001" classname="testngPractice.TestCasesInvocationCount"/>
  <testcase name="deom" time="0.000" classname="testngPractice.TestCasesInvocationCount"/>
  <testcase name="deom" time="0.000" classname="testngPractice.TestCasesInvocationCount"/>
  <testcase name="deom" time="0.000" classname="testngPractice.TestCasesInvocationCount"/>
  <testcase name="deom" time="0.000" classname="testngPractice.TestCasesInvocationCount"/>
  <testcase name="deom" time="0.000" classname="testngPractice.TestCasesInvocationCount"/>
  <testcase name="deom" time="0.000" classname="testngPractice.TestCasesInvocationCount"/>
  <testcase name="deom" time="0.000" classname="testngPractice.TestCasesInvocationCount"/>
  <testcase name="deom" time="0.000" classname="testngPractice.TestCasesInvocationCount"/>
  <testcase name="deom" time="0.000" classname="testngPractice.TestCasesInvocationCount"/>
  <testcase name="deom" time="0.000" classname="testngPractice.TestCasesInvocationCount"/>
  <testcase name="deom" time="0.000" classname="testngPractice.TestCasesInvocationCount"/>
  <testcase name="deom" time="0.001" classname="testngPractice.TestCasesInvocationCount"/>
  <testcase name="deom" time="0.000" classname="testngPractice.TestCasesInvocationCount"/>
  <testcase name="deom" time="0.000" classname="testngPractice.TestCasesInvocationCount"/>
  <testcase name="deom" time="0.000" classname="testngPractice.TestCasesInvocationCount"/>
  <testcase name="deom" time="0.000" classname="testngPractice.TestCasesInvocationCount"/>
  <testcase name="deom" time="0.000" classname="testngPractice.TestCasesInvocationCount"/>
  <testcase name="deom" time="0.008" classname="testngPractice.TestCasesInvocationCount"/>
  <testcase name="deom" time="0.000" classname="testngPractice.TestCasesInvocationCount"/>
  <testcase name="deom" time="0.000" classname="testngPractice.TestCasesInvocationCount"/>
  <testcase name="deom" time="0.000" classname="testngPractice.TestCasesInvocationCount"/>
  <testcase name="deom" time="0.002" classname="testngPractice.TestCasesInvocationCount"/>
  <testcase name="deom" time="0.001" classname="testngPractice.TestCasesInvocationCount"/>
  <testcase name="deom" time="0.000" classname="testngPractice.TestCasesInvocationCount"/>
  <testcase name="deom" time="0.000" classname="testngPractice.TestCasesInvocationCount"/>
  <testcase name="deom" time="0.001" classname="testngPractice.TestCasesInvocationCount"/>
  <testcase name="deom" time="0.000" classname="testngPractice.TestCasesInvocationCount"/>
  <testcase name="deom" time="0.000" classname="testngPractice.TestCasesInvocationCount"/>
  <testcase name="deom" time="0.000" classname="testngPractice.TestCasesInvocationCount"/>
  <testcase name="deom" time="0.000" classname="testngPractice.TestCasesInvocationCount"/>
  <testcase name="deom" time="0.000" classname="testngPractice.TestCasesInvocationCount"/>
  <testcase name="deom" time="0.000" classname="testngPractice.TestCasesInvocationCount"/>
  <testcase name="deom" time="0.000" classname="testngPractice.TestCasesInvocationCount"/>
  <testcase name="deom" time="0.000" classname="testngPractice.TestCasesInvocationCount"/>
  <testcase name="deom" time="0.000" classname="testngPractice.TestCasesInvocationCount"/>
  <testcase name="deom" time="0.001" classname="testngPractice.TestCasesInvocationCount"/>
  <testcase name="deom" time="0.000" classname="testngPractice.TestCasesInvocationCount"/>
  <testcase name="deom" time="0.001" classname="testngPractice.TestCasesInvocationCount"/>
  <testcase name="deom" time="0.000" classname="testngPractice.TestCasesInvocationCount"/>
  <testcase name="deom" time="0.000" classname="testngPractice.TestCasesInvocationCount"/>
  <testcase name="deom" time="0.000" classname="testngPractice.TestCasesInvocationCount"/>
  <testcase name="deom" time="0.000" classname="testngPractice.TestCasesInvocationCount"/>
  <testcase name="deom" time="0.000" classname="testngPractice.TestCasesInvocationCount"/>
  <testcase name="deom" time="0.000" classname="testngPractice.TestCasesInvocationCount"/>
  <testcase name="deom" time="0.001" classname="testngPractice.TestCasesInvocationCount"/>
  <testcase name="deom" time="0.000" classname="testngPractice.TestCasesInvocationCount"/>
  <testcase name="deom" time="0.000" classname="testngPractice.TestCasesInvocationCount"/>
  <testcase name="deom" time="0.001" classname="testngPractice.TestCasesInvocationCount"/>
  <testcase name="deom" time="0.001" classname="testngPractice.TestCasesInvocationCount"/>
  <testcase name="deom" time="0.000" classname="testngPractice.TestCasesInvocationCount"/>
  <testcase name="deom" time="0.000" classname="testngPractice.TestCasesInvocationCount"/>
  <testcase name="deom" time="0.000" classname="testngPractice.TestCasesInvocationCount"/>
  <testcase name="deom" time="0.000" classname="testngPractice.TestCasesInvocationCount"/>
  <testcase name="deom" time="0.000" classname="testngPractice.TestCasesInvocationCount"/>
  <testcase name="deom" time="0.000" classname="testngPractice.TestCasesInvocationCount"/>
  <testcase name="deom" time="0.000" classname="testngPractice.TestCasesInvocationCount"/>
  <testcase name="deom" time="0.000" classname="testngPractice.TestCasesInvocationCount"/>
  <testcase name="deom" time="0.000" classname="testngPractice.TestCasesInvocationCount"/>
  <testcase name="deom" time="0.000" classname="testngPractice.TestCasesInvocationCount"/>
  <testcase name="deom" time="0.000" classname="testngPractice.TestCasesInvocationCount"/>
  <testcase name="deom" time="0.000" classname="testngPractice.TestCasesInvocationCount"/>
  <testcase name="deom" time="0.000" classname="testngPractice.TestCasesInvocationCount"/>
  <testcase name="deom" time="0.001" classname="testngPractice.TestCasesInvocationCount"/>
  <testcase name="deom" time="0.000" classname="testngPractice.TestCasesInvocationCount"/>
  <testcase name="deom" time="0.000" classname="testngPractice.TestCasesInvocationCount"/>
  <testcase name="deom" time="0.000" classname="testngPractice.TestCasesInvocationCount"/>
  <testcase name="deom" time="0.000" classname="testngPractice.TestCasesInvocationCount"/>
  <testcase name="deom" time="0.000" classname="testngPractice.TestCasesInvocationCount"/>
  <testcase name="deom" time="0.000" classname="testngPractice.TestCasesInvocationCount"/>
  <testcase name="deom" time="0.000" classname="testngPractice.TestCasesInvocationCount"/>
  <testcase name="deom" time="0.000" classname="testngPractice.TestCasesInvocationCount"/>
  <testcase name="deom" time="0.000" classname="testngPractice.TestCasesInvocationCount"/>
  <testcase name="deom" time="0.000" classname="testngPractice.TestCasesInvocationCount"/>
  <testcase name="deom" time="0.000" classname="testngPractice.TestCasesInvocationCount"/>
  <testcase name="deom" time="0.000" classname="testngPractice.TestCasesInvocationCount"/>
  <testcase name="deom" time="0.001" classname="testngPractice.TestCasesInvocationCount"/>
  <testcase name="deom" time="0.003" classname="testngPractice.TestCasesInvocationCount"/>
  <testcase name="deom" time="0.000" classname="testngPractice.TestCasesInvocationCount"/>
  <testcase name="deom" time="0.000" classname="testngPractice.TestCasesInvocationCount"/>
  <testcase name="deom" time="0.001" classname="testngPractice.TestCasesInvocationCount"/>
  <testcase name="deom" time="0.000" classname="testngPractice.TestCasesInvocationCount"/>
  <testcase name="deom" time="0.000" classname="testngPractice.TestCasesInvocationCount"/>
  <testcase name="deom" time="0.000" classname="testngPractice.TestCasesInvocationCount"/>
  <testcase name="deom" time="0.001" classname="testngPractice.TestCasesInvocationCount"/>
  <testcase name="deom" time="0.000" classname="testngPractice.TestCasesInvocationCount"/>
  <testcase name="deom" time="0.000" classname="testngPractice.TestCasesInvocationCount"/>
  <testcase name="deom" time="0.000" classname="testngPractice.TestCasesInvocationCount"/>
  <testcase name="deom" time="0.001" classname="testngPractice.TestCasesInvocationCount"/>
  <testcase name="deom" time="0.000" classname="testngPractice.TestCasesInvocationCount"/>
  <testcase name="deom" time="0.000" classname="testngPractice.TestCasesInvocationCount"/>
  <testcase name="deom" time="0.000" classname="testngPractice.TestCasesInvocationCount"/>
  <testcase name="deom" time="0.001" classname="testngPractice.TestCasesInvocationCount"/>
  <testcase name="deom" time="0.000" classname="testngPractice.TestCasesInvocationCount"/>
  <testcase name="deom" time="0.000" classname="testngPractice.TestCasesInvocationCount"/>
  <testcase name="deom" time="0.001" classname="testngPractice.TestCasesInvocationCount"/>
  <testcase name="deom" time="0.000" classname="testngPractice.TestCasesInvocationCount"/>
  <testcase name="deom" time="0.000" classname="testngPractice.TestCasesInvocationCount"/>
  <testcase name="deom" time="0.000" classname="testngPractice.TestCasesInvocationCount"/>
  <testcase name="deom" time="0.000" classname="testngPractice.TestCasesInvocationCount"/>
  <testcase name="deom" time="0.000" classname="testngPractice.TestCasesInvocationCount"/>
  <testcase name="deom" time="0.000" classname="testngPractice.TestCasesInvocationCount"/>
  <testcase name="deom" time="0.001" classname="testngPractice.TestCasesInvocationCount"/>
  <testcase name="deom" time="0.000" classname="testngPractice.TestCasesInvocationCount"/>
  <testcase name="deom" time="0.000" classname="testngPractice.TestCasesInvocationCount"/>
  <testcase name="deom" time="0.000" classname="testngPractice.TestCasesInvocationCount"/>
  <testcase name="deom" time="0.000" classname="testngPractice.TestCasesInvocationCount"/>
  <testcase name="deom" time="0.000" classname="testngPractice.TestCasesInvocationCount"/>
  <testcase name="deom" time="0.000" classname="testngPractice.TestCasesInvocationCount"/>
  <testcase name="deom" time="0.000" classname="testngPractice.TestCasesInvocationCount"/>
  <testcase name="deom" time="0.000" classname="testngPractice.TestCasesInvocationCount"/>
  <testcase name="deom" time="0.000" classname="testngPractice.TestCasesInvocationCount"/>
  <testcase name="deom" time="0.000" classname="testngPractice.TestCasesInvocationCount"/>
  <testcase name="deom" time="0.001" classname="testngPractice.TestCasesInvocationCount"/>
  <testcase name="deom" time="0.006" classname="testngPractice.TestCasesInvocationCount"/>
  <testcase name="deom" time="0.001" classname="testngPractice.TestCasesInvocationCount"/>
  <testcase name="deom" time="0.001" classname="testngPractice.TestCasesInvocationCount"/>
  <testcase name="deom" time="0.000" classname="testngPractice.TestCasesInvocationCount"/>
  <testcase name="deom" time="0.000" classname="testngPractice.TestCasesInvocationCount"/>
  <testcase name="deom" time="0.000" classname="testngPractice.TestCasesInvocationCount"/>
  <testcase name="deom" time="0.000" classname="testngPractice.TestCasesInvocationCount"/>
  <testcase name="deom" time="0.001" classname="testngPractice.TestCasesInvocationCount"/>
  <testcase name="deom" time="0.001" classname="testngPractice.TestCasesInvocationCount"/>
  <testcase name="deom" time="0.000" classname="testngPractice.TestCasesInvocationCount"/>
  <testcase name="deom" time="0.000" classname="testngPractice.TestCasesInvocationCount"/>
  <testcase name="deom" time="0.000" classname="testngPractice.TestCasesInvocationCount"/>
  <testcase name="deom" time="0.000" classname="testngPractice.TestCasesInvocationCount"/>
  <testcase name="deom" time="0.000" classname="testngPractice.TestCasesInvocationCount"/>
  <testcase name="deom" time="0.000" classname="testngPractice.TestCasesInvocationCount"/>
  <testcase name="deom" time="0.000" classname="testngPractice.TestCasesInvocationCount"/>
  <testcase name="deom" time="0.000" classname="testngPractice.TestCasesInvocationCount"/>
  <testcase name="deom" time="0.002" classname="testngPractice.TestCasesInvocationCount"/>
  <testcase name="deom" time="0.000" classname="testngPractice.TestCasesInvocationCount"/>
  <testcase name="deom" time="0.000" classname="testngPractice.TestCasesInvocationCount"/>
  <testcase name="deom" time="0.000" classname="testngPractice.TestCasesInvocationCount"/>
  <testcase name="deom" time="0.001" classname="testngPractice.TestCasesInvocationCount"/>
  <testcase name="deom" time="0.000" classname="testngPractice.TestCasesInvocationCount"/>
  <testcase name="deom" time="0.000" classname="testngPractice.TestCasesInvocationCount"/>
  <testcase name="deom" time="0.001" classname="testngPractice.TestCasesInvocationCount"/>
  <testcase name="deom" time="0.001" classname="testngPractice.TestCasesInvocationCount"/>
  <testcase name="deom" time="0.000" classname="testngPractice.TestCasesInvocationCount"/>
  <testcase name="deom" time="0.000" classname="testngPractice.TestCasesInvocationCount"/>
  <testcase name="deom" time="0.001" classname="testngPractice.TestCasesInvocationCount"/>
  <testcase name="deom" time="0.000" classname="testngPractice.TestCasesInvocationCount"/>
  <testcase name="deom" time="0.000" classname="testngPractice.TestCasesInvocationCount"/>
  <testcase name="deom" time="0.000" classname="testngPractice.TestCasesInvocationCount"/>
  <testcase name="deom" time="0.000" classname="testngPractice.TestCasesInvocationCount"/>
  <testcase name="deom" time="0.000" classname="testngPractice.TestCasesInvocationCount"/>
  <testcase name="deom" time="0.000" classname="testngPractice.TestCasesInvocationCount"/>
  <testcase name="deom" time="0.000" classname="testngPractice.TestCasesInvocationCount"/>
  <testcase name="deom" time="0.000" classname="testngPractice.TestCasesInvocationCount"/>
  <testcase name="deom" time="0.000" classname="testngPractice.TestCasesInvocationCount"/>
  <testcase name="deom" time="0.001" classname="testngPractice.TestCasesInvocationCount"/>
  <testcase name="deom" time="0.000" classname="testngPractice.TestCasesInvocationCount"/>
  <testcase name="deom" time="0.000" classname="testngPractice.TestCasesInvocationCount"/>
  <testcase name="deom" time="0.000" classname="testngPractice.TestCasesInvocationCount"/>
  <testcase name="deom" time="0.000" classname="testngPractice.TestCasesInvocationCount"/>
  <testcase name="deom" time="0.001" classname="testngPractice.TestCasesInvocationCount"/>
  <testcase name="deom" time="0.000" classname="testngPractice.TestCasesInvocationCount"/>
  <testcase name="deom" time="0.000" classname="testngPractice.TestCasesInvocationCount"/>
  <testcase name="deom" time="0.000" classname="testngPractice.TestCasesInvocationCount"/>
  <testcase name="deom" time="0.000" classname="testngPractice.TestCasesInvocationCount"/>
  <testcase name="deom" time="0.002" classname="testngPractice.TestCasesInvocationCount"/>
  <testcase name="deom" time="0.000" classname="testngPractice.TestCasesInvocationCount"/>
  <testcase name="deom" time="0.000" classname="testngPractice.TestCasesInvocationCount"/>
  <testcase name="deom" time="0.000" classname="testngPractice.TestCasesInvocationCount"/>
  <testcase name="deom" time="0.000" classname="testngPractice.TestCasesInvocationCount"/>
  <testcase name="deom" time="0.000" classname="testngPractice.TestCasesInvocationCount"/>
  <testcase name="deom" time="0.000" classname="testngPractice.TestCasesInvocationCount"/>
  <testcase name="deom" time="0.000" classname="testngPractice.TestCasesInvocationCount"/>
  <testcase name="deom" time="0.000" classname="testngPractice.TestCasesInvocationCount"/>
  <testcase name="deom" time="0.000" classname="testngPractice.TestCasesInvocationCount"/>
  <testcase name="deom" time="0.000" classname="testngPractice.TestCasesInvocationCount"/>
  <testcase name="deom" time="0.000" classname="testngPractice.TestCasesInvocationCount"/>
  <testcase name="deom" time="0.000" classname="testngPractice.TestCasesInvocationCount"/>
  <testcase name="deom" time="0.000" classname="testngPractice.TestCasesInvocationCount"/>
  <testcase name="deom" time="0.001" classname="testngPractice.TestCasesInvocationCount"/>
  <testcase name="deom" time="0.000" classname="testngPractice.TestCasesInvocationCount"/>
  <testcase name="deom" time="0.000" classname="testngPractice.TestCasesInvocationCount"/>
  <testcase name="deom" time="0.000" classname="testngPractice.TestCasesInvocationCount"/>
  <testcase name="deom" time="0.001" classname="testngPractice.TestCasesInvocationCount"/>
  <testcase name="deom" time="0.000" classname="testngPractice.TestCasesInvocationCount"/>
  <testcase name="deom" time="0.001" classname="testngPractice.TestCasesInvocationCount"/>
  <testcase name="deom" time="0.001" classname="testngPractice.TestCasesInvocationCount"/>
  <testcase name="deom" time="0.001" classname="testngPractice.TestCasesInvocationCount"/>
  <testcase name="deom" time="0.000" classname="testngPractice.TestCasesInvocationCount"/>
  <testcase name="deom" time="0.000" classname="testngPractice.TestCasesInvocationCount"/>
  <testcase name="deom" time="0.000" classname="testngPractice.TestCasesInvocationCount"/>
  <testcase name="deom" time="0.000" classname="testngPractice.TestCasesInvocationCount"/>
  <testcase name="deom" time="0.000" classname="testngPractice.TestCasesInvocationCount"/>
  <testcase name="deom" time="0.000" classname="testngPractice.TestCasesInvocationCount"/>
  <testcase name="deom" time="0.000" classname="testngPractice.TestCasesInvocationCount"/>
  <testcase name="deom" time="0.000" classname="testngPractice.TestCasesInvocationCount"/>
  <testcase name="deom" time="0.001" classname="testngPractice.TestCasesInvocationCount"/>
  <testcase name="deom" time="0.000" classname="testngPractice.TestCasesInvocationCount"/>
  <testcase name="deom" time="0.000" classname="testngPractice.TestCasesInvocationCount"/>
  <testcase name="deom" time="0.001" classname="testngPractice.TestCasesInvocationCount"/>
  <testcase name="deom" time="0.000" classname="testngPractice.TestCasesInvocationCount"/>
  <testcase name="deom" time="0.000" classname="testngPractice.TestCasesInvocationCount"/>
  <testcase name="deom" time="0.001" classname="testngPractice.TestCasesInvocationCount"/>
  <testcase name="deom" time="0.000" classname="testngPractice.TestCasesInvocationCount"/>
  <testcase name="deom" time="0.000" classname="testngPractice.TestCasesInvocationCount"/>
  <testcase name="deom" time="0.000" classname="testngPractice.TestCasesInvocationCount"/>
  <testcase name="deom" time="0.000" classname="testngPractice.TestCasesInvocationCount"/>
  <testcase name="deom" time="0.000" classname="testngPractice.TestCasesInvocationCount"/>
  <testcase name="deom" time="0.000" classname="testngPractice.TestCasesInvocationCount"/>
  <testcase name="deom" time="0.000" classname="testngPractice.TestCasesInvocationCount"/>
  <testcase name="deom" time="0.001" classname="testngPractice.TestCasesInvocationCount"/>
  <testcase name="deom" time="0.000" classname="testngPractice.TestCasesInvocationCount"/>
</testsuite> <!-- testngPractice.TestCasesInvocationCount -->
