<?xml version="1.0" encoding="UTF-8"?>
<!-- Generated by org.testng.reporters.JUnitReportReporter -->
<testsuite hostname="ISHITA" name="testngPractice.TestCasesDisabled" tests="2" failures="0" timestamp="15 Jul 2023 06:21:43 GMT" time="0.006" errors="0">
  <testcase name="logout" time="0.000" classname="testngPractice.TestCasesDisabled"/>
  <testcase name="home" time="0.006" classname="testngPractice.TestCasesDisabled"/>
</testsuite> <!-- testngPractice.TestCasesDisabled -->
