<?xml version="1.0" encoding="UTF-8"?>
<!-- Generated by org.testng.reporters.JUnitReportReporter -->
<testsuite hostname="ISHITA" name="testngPractice.TestCasesDependsOnMethod" tests="3" failures="0" timestamp="15 Jul 2023 05:52:08 GMT" time="0.008" errors="0">
  <testcase name="login" time="0.007" classname="testngPractice.TestCasesDependsOnMethod"/>
  <testcase name="home" time="0.001" classname="testngPractice.TestCasesDependsOnMethod"/>
  <testcase name="logout" time="0.000" classname="testngPractice.TestCasesDependsOnMethod"/>
</testsuite> <!-- testngPractice.TestCasesDependsOnMethod -->
