<?xml version="1.0" encoding="UTF-8"?>
<!-- Generated by org.testng.reporters.JUnitReportReporter -->
<testsuite hostname="ISHITA" name="testngPractice.BasicClass" tests="1" failures="0" timestamp="14 Jul 2023 14:23:21 GMT" time="0.004" errors="0">
  <testcase name="demo" time="0.004" classname="testngPractice.BasicClass"/>
</testsuite> <!-- testngPractice.BasicClass -->
