<?xml version="1.0" encoding="UTF-8"?>
<!-- Generated by org.testng.reporters.JUnitReportReporter -->
<testsuite hostname="ISHITA" name="testngExecutions.TC_7" tests="1" failures="0" timestamp="17 Jul 2023 06:16:35 GMT" time="7.198" errors="0">
  <testcase name="Launchingmakmytrip" time="7.198" classname="testngExecutions.TC_7"/>
</testsuite> <!-- testngExecutions.TC_7 -->
