<?xml version="1.0" encoding="UTF-8"?>
<!-- Generated by org.testng.reporters.JUnitReportReporter -->
<testsuite hostname="ISHITA" name="Products.ST_PRODUCT_01" tests="1" failures="0" timestamp="19 Aug 2023 05:52:46 GMT" time="38.163" errors="0">
  <testcase name="Logging_to_the_application_enter_products_details_with_valid_input_and_massedit_productname_of_product_details_then_logout" time="38.163" classname="Products.ST_PRODUCT_01"/>
</testsuite> <!-- Products.ST_PRODUCT_01 -->
