<?xml version="1.0" encoding="UTF-8"?>
<!-- Generated by org.testng.reporters.JUnitReportReporter -->
<testsuite hostname="ISHITA" name="search.FT_SEARCH_BAR_01_Test" tests="1" failures="0" timestamp="23 Aug 2023 06:38:49 GMT" time="26.736" errors="0">
  <testcase name="Search_working_by_adding_keyword_in_search_textfield_and_pressing_search_icon" time="26.736" classname="search.FT_SEARCH_BAR_01_Test"/>
</testsuite> <!-- search.FT_SEARCH_BAR_01_Test -->
