<?xml version="1.0" encoding="UTF-8"?>
<!-- Generated by org.testng.reporters.JUnitReportReporter -->
<testsuite hostname="ISHITA" name="listnerp.TestcaseListner" tests="2" failures="0" timestamp="18 Aug 2023 05:36:28 GMT" time="0.007" errors="0">
  <testcase name="demoForListener" time="0.007" classname="listnerp.TestcaseListner"/>
  <testcase name="demoForListenerMethods" time="0.000" classname="listnerp.TestcaseListner"/>
</testsuite> <!-- listnerp.TestcaseListner -->
