<?xml version="1.0" encoding="UTF-8"?>
<!-- Generated by org.testng.reporters.JUnitReportReporter -->
<testsuite hostname="ISHITA" name="home.FT_CHANGE_TIME_01" tests="1" failures="0" timestamp="19 Aug 2023 05:39:13 GMT" time="11.100" errors="0">
  <testcase name="Changing_the_time_as_per_country" time="11.100" classname="home.FT_CHANGE_TIME_01"/>
</testsuite> <!-- home.FT_CHANGE_TIME_01 -->
