<?xml version="1.0" encoding="UTF-8"?>
<!-- Generated by org.testng.reporters.JUnitReportReporter -->
<testsuite hostname="ISHITA" name="practice.DemoData" tests="2" failures="0" timestamp="17 Aug 2023 05:13:11 GMT" time="0.006" errors="0">
  <testcase name="demo" time="0.001" classname="practice.DemoData"/>
  <testcase name="demo" time="0.005" classname="practice.DemoData"/>
</testsuite> <!-- practice.DemoData -->
