<?xml version="1.0" encoding="UTF-8"?>
<!-- Generated by org.testng.reporters.JUnitReportReporter -->
<testsuite hostname="ISHITA" name="contacts.ST_CONTACTS_01" tests="1" failures="0" timestamp="19 Aug 2023 05:38:38 GMT" time="42.305" errors="0">
  <testcase name="Logging_to_the_application_enter_contact_details_with_valid_input_and_massedit_firstname_of_contact_details_then_logout" time="42.305" classname="contacts.ST_CONTACTS_01"/>
</testsuite> <!-- contacts.ST_CONTACTS_01 -->
