<?xml version="1.0" encoding="UTF-8"?>
<!-- Generated by org.testng.reporters.JUnitReportReporter -->
<testsuite hostname="ISHITA" name="listnerp.TC01" tests="1" failures="0" timestamp="12 Aug 2023 05:28:00 GMT" time="6.884" errors="0">
  <testcase name="demo" time="6.884" classname="listnerp.TC01"/>
</testsuite> <!-- listnerp.TC01 -->
