<?xml version="1.0" encoding="UTF-8"?>
<!-- Generated by org.testng.reporters.JUnitReportReporter -->
<testsuite hostname="ISHITA" name="practice.Demopr" tests="1" failures="0" timestamp="18 Aug 2023 06:32:13 GMT" time="17.018" errors="0">
  <testcase name="demo" time="17.018" classname="practice.Demopr"/>
</testsuite> <!-- practice.Demopr -->
