<?xml version="1.0" encoding="UTF-8"?>
<!-- Generated by org.testng.reporters.JUnitReportReporter -->
<testsuite hostname="ISHITA" name="leads.ST_LEADS_01_Test" tests="1" failures="0" timestamp="21 Aug 2023 05:23:01 GMT" time="52.959" errors="0">
  <testcase name="Logging_to_the_application_enter_leads_details_with_valid_input_and_massedit_website_of_leads_details_then_logout" time="52.959" classname="leads.ST_LEADS_01_Test"/>
</testsuite> <!-- leads.ST_LEADS_01_Test -->
