<?xml version="1.0" encoding="UTF-8"?>
<!-- Generated by org.testng.reporters.JUnitReportReporter -->
<testsuite hostname="ISHITA" name="email.FT_EMAIL_01" tests="1" failures="0" timestamp="14 Aug 2023 20:06:31 GMT" time="9.249" errors="0">
  <testcase name="Saving_a_mail_with_all_details" time="9.249" classname="email.FT_EMAIL_01"/>
</testsuite> <!-- email.FT_EMAIL_01 -->
