<?xml version="1.0" encoding="UTF-8"?>
<!-- Generated by org.testng.reporters.JUnitReportReporter -->
<testsuite hostname="ISHITA" name="contacts.ST_CONTACTS_01_Test" tests="1" failures="0" timestamp="19 Aug 2023 06:03:10 GMT" time="45.176" errors="0">
  <testcase name="Logging_to_the_application_enter_contact_details_with_valid_input_and_massedit_firstname_of_contact_details_then_logout" time="45.176" classname="contacts.ST_CONTACTS_01_Test"/>
</testsuite> <!-- contacts.ST_CONTACTS_01_Test -->
