<?xml version="1.0" encoding="UTF-8"?>
<!-- Generated by org.testng.reporters.JUnitReportReporter -->
<testsuite hostname="ISHITA" name="leads.ST_LEADS_01" tests="1" failures="0" timestamp="19 Aug 2023 05:44:19 GMT" time="34.473" errors="0">
  <testcase name="Logging_to_the_application_enter_leads_details_with_valid_input_and_massedit_website_of_leads_details_then_logout" time="34.473" classname="leads.ST_LEADS_01"/>
</testsuite> <!-- leads.ST_LEADS_01 -->
