<?xml version="1.0" encoding="UTF-8"?>
<!-- Generated by org.testng.reporters.JUnitReportReporter -->
<testsuite hostname="ISHITA" name="search.FT_SEARCH_BAR_01" tests="1" failures="0" timestamp="19 Aug 2023 05:30:58 GMT" time="12.174" errors="0">
  <testcase name="Search_working_by_adding_keyword_in_search_textfield_and_pressing_search_icon" time="12.174" classname="search.FT_SEARCH_BAR_01"/>
</testsuite> <!-- search.FT_SEARCH_BAR_01 -->
