<?xml version="1.0" encoding="UTF-8"?>
<!-- Generated by org.testng.reporters.JUnitReportReporter -->
<testsuite hostname="ISHITA" name="calender.FT_CALENDER_01" tests="1" failures="0" timestamp="15 Aug 2023 09:17:07 GMT" time="13.705" errors="0">
  <testcase name="Opening_month_calandar_from_calandar_page" time="13.705" classname="calender.FT_CALENDER_01"/>
</testsuite> <!-- calender.FT_CALENDER_01 -->
