<?xml version="1.0" encoding="UTF-8"?>
<!-- Generated by org.testng.reporters.JUnitReportReporter -->
<testsuite hostname="ISHITA" name="Products.FT_PRODUCT_01" tests="1" failures="0" timestamp="14 Aug 2023 12:21:57 GMT" time="26.436" errors="0">
  <testcase name="Creating_a_product_with_valid_details" time="26.436" classname="Products.FT_PRODUCT_01"/>
</testsuite> <!-- Products.FT_PRODUCT_01 -->
