<?xml version="1.0" encoding="UTF-8"?>
<!-- Generated by org.testng.reporters.JUnitReportReporter -->
<testsuite hostname="ISHITA" name="search.FT_SEARCH_BAR_02" tests="1" failures="0" timestamp="15 Aug 2023 10:06:24 GMT" time="9.887" errors="0">
  <testcase name="Error_message_display_by_entering_space_in_the_search_field_and_clicking_the_search_icon" time="9.887" classname="search.FT_SEARCH_BAR_02"/>
</testsuite> <!-- search.FT_SEARCH_BAR_02 -->
