<?xml version="1.0" encoding="UTF-8"?>
<!-- Generated by org.testng.reporters.JUnitReportReporter -->
<testsuite hostname="ISHITA" name="search.FT_SEARCH_BAR_02_Test" tests="1" failures="0" timestamp="19 Aug 2023 05:57:01 GMT" time="10.487" errors="0">
  <testcase name="Error_message_display_by_entering_space_in_the_search_field_and_clicking_the_search_icon" time="10.487" classname="search.FT_SEARCH_BAR_02_Test"/>
</testsuite> <!-- search.FT_SEARCH_BAR_02_Test -->
