<?xml version="1.0" encoding="UTF-8"?>
<!-- Generated by org.testng.reporters.JUnitReportReporter -->
<testsuite hostname="ISHITA" name="leads.IT_LEADS_01" tests="1" failures="0" timestamp="19 Aug 2023 05:41:21 GMT" time="30.422" errors="0">
  <testcase name="Creating_a_lead_with_valid_details_and_able_to_see_the_added_details_in_leads_page" time="30.422" classname="leads.IT_LEADS_01"/>
</testsuite> <!-- leads.IT_LEADS_01 -->
