<?xml version="1.0" encoding="UTF-8"?>
<!-- Generated by org.testng.reporters.JUnitReportReporter -->
<testsuite hostname="ISHITA" name="organisation.ST_ORG_01" tests="1" failures="0" timestamp="14 Aug 2023 16:31:49 GMT" time="16.881" errors="0">
  <testcase name="Creating_a_org_with_valid_details" time="16.881" classname="organisation.ST_ORG_01"/>
</testsuite> <!-- organisation.ST_ORG_01 -->
