<?xml version="1.0" encoding="UTF-8"?>
<!-- Generated by org.testng.reporters.JUnitReportReporter -->
<testsuite hostname="ISHITA" name="contacts.IT_CONTACTS_01" tests="1" failures="0" timestamp="19 Aug 2023 05:37:30 GMT" time="26.024" errors="0">
  <testcase name="Creating_a_contact_with_valid_details_and_able_to_see_the_added_details_in_contact_page" time="26.024" classname="contacts.IT_CONTACTS_01"/>
</testsuite> <!-- contacts.IT_CONTACTS_01 -->
