<?xml version="1.0" encoding="UTF-8"?>
<!-- Generated by org.testng.reporters.JUnitReportReporter -->
<testsuite hostname="ISHITA" name="calandar.FT_CALANDAR_01" tests="1" failures="0" timestamp="19 Aug 2023 05:36:45 GMT" time="16.735" errors="0">
  <testcase name="Verify_user_able_to_see_the_month_calandar_from_calandar_page" time="16.735" classname="calandar.FT_CALANDAR_01"/>
</testsuite> <!-- calandar.FT_CALANDAR_01 -->
