<?xml version="1.0" encoding="UTF-8"?>
<!-- Generated by org.testng.reporters.JUnitReportReporter -->
<testsuite hostname="ISHITA" name="home.FT_CHANGE_LAYOUT_02" tests="1" failures="0" timestamp="15 Aug 2023 12:24:56 GMT" time="8.872" errors="0">
  <testcase name="demo" time="8.872" classname="home.FT_CHANGE_LAYOUT_02"/>
</testsuite> <!-- home.FT_CHANGE_LAYOUT_02 -->
