<?xml version="1.0" encoding="UTF-8"?>
<!-- Generated by org.testng.reporters.JUnitReportReporter -->
<testsuite hostname="ISHITA" name="home.FT_CHANGE_TIME_02" tests="1" failures="0" timestamp="15 Aug 2023 12:39:15 GMT" time="8.681" errors="0">
  <testcase name="Changing_the_time_as_per_country" time="8.681" classname="home.FT_CHANGE_TIME_02"/>
</testsuite> <!-- home.FT_CHANGE_TIME_02 -->
